Build started 5/2/2016 8:44:46 PM.
     1>Project "D:\TestCPPFiles\Boggle\Boggle\Boggle.vcxproj" on node 2 (Build target(s)).
     1>ClCompile:
         C:\Program Files (x86)\Microsoft Visual Studio 12.0\VC\bin\CL.exe /c /Zi /nologo /W3 /WX- /sdl /O2 /Oi /Oy- /GL /D WIN32 /D NDEBUG /D _CONSOLE /D _LIB /D _UNICODE /D UNICODE /Gm- /EHsc /MD /GS /Gy /fp:precise /Zc:wchar_t /Zc:forScope /Yc"stdafx.h" /Fp"Release\Boggle.pch" /Fo"Release\\" /Fd"Release\vc120.pdb" /Gd /TP /analyze- /errorReport:prompt stdafx.cpp
         stdafx.cpp
         C:\Program Files (x86)\Microsoft Visual Studio 12.0\VC\bin\CL.exe /c /Zi /nologo /W3 /WX- /sdl /O2 /Oi /Oy- /GL /D WIN32 /D NDEBUG /D _CONSOLE /D _LIB /D _UNICODE /D UNICODE /Gm- /EHsc /MD /GS /Gy /fp:precise /Zc:wchar_t /Zc:forScope /Yu"stdafx.h" /Fp"Release\Boggle.pch" /Fo"Release\\" /Fd"Release\vc120.pdb" /Gd /TP /analyze- /errorReport:prompt Boggle.cpp solver.cpp solverBoard.cpp trie.cpp
         Boggle.cpp
         solver.cpp
         solverBoard.cpp
         trie.cpp
       Link:
         C:\Program Files (x86)\Microsoft Visual Studio 12.0\VC\bin\link.exe /ERRORREPORT:PROMPT /OUT:"D:\TestCPPFiles\Boggle\Release\Boggle.exe" /INCREMENTAL:NO /NOLOGO kernel32.lib user32.lib gdi32.lib winspool.lib comdlg32.lib advapi32.lib shell32.lib ole32.lib oleaut32.lib uuid.lib odbc32.lib odbccp32.lib /MANIFEST /MANIFESTUAC:"level='asInvoker' uiAccess='false'" /manifest:embed /DEBUG /PDB:"D:\TestCPPFiles\Boggle\Release\Boggle.pdb" /SUBSYSTEM:CONSOLE /OPT:REF /OPT:ICF /LTCG /TLBID:1 /DYNAMICBASE /NXCOMPAT /IMPLIB:"D:\TestCPPFiles\Boggle\Release\Boggle.lib" /MACHINE:X86 /SAFESEH Release\Boggle.obj
         Release\solver.obj
         Release\solverBoard.obj
         Release\stdafx.obj
         Release\trie.obj
         Generating code
         Finished generating code
         Boggle.vcxproj -> D:\TestCPPFiles\Boggle\Release\Boggle.exe
     1>Done Building Project "D:\TestCPPFiles\Boggle\Boggle\Boggle.vcxproj" (Build target(s)).

Build succeeded.

Time Elapsed 00:00:01.78
